15/09/2020 16:13:27	This log contains information about the import schema operation into project 'GuestHouseDB' on computer 'ROG' by user 'adith'.
15/09/2020 16:13:27	Import of database schema has started.
15/09/2020 16:13:32	Gathering database credentials
15/09/2020 16:13:32	Gathering database options
15/09/2020 16:13:32	Gathering users
15/09/2020 16:13:32	Gathering roles
15/09/2020 16:13:32	Gathering application roles
15/09/2020 16:13:32	Gathering role memberships
15/09/2020 16:13:32	Gathering filegroups
15/09/2020 16:13:32	Gathering full-text catalogs
15/09/2020 16:13:32	Gathering assemblies
15/09/2020 16:13:32	Gathering certificates
15/09/2020 16:13:32	Gathering asymmetric keys
15/09/2020 16:13:32	Gathering symmetric keys
15/09/2020 16:13:32	Gathering encrypted symmetric keys
15/09/2020 16:13:32	Gathering schemas
15/09/2020 16:13:32	Gathering XML schema collections
15/09/2020 16:13:32	Gathering user-defined data types
15/09/2020 16:13:32	Gathering user-defined types
15/09/2020 16:13:32	Gathering table types
15/09/2020 16:13:32	Gathering unique keys for table types
15/09/2020 16:13:32	Gathering primary keys for table types
15/09/2020 16:13:32	Gathering indexes for table types
15/09/2020 16:13:32	Gathering check constraints for table types
15/09/2020 16:13:32	Gathering default constraints for table types
15/09/2020 16:13:32	Gathering partition functions
15/09/2020 16:13:32	Gathering partition schemes
15/09/2020 16:13:32	Gathering functions
15/09/2020 16:13:32	Gathering encrypted functions
15/09/2020 16:13:32	Gathering aggregates
15/09/2020 16:13:32	Gathering procedures
15/09/2020 16:13:32	Gathering encrypted procedures
15/09/2020 16:13:32	Gathering tables
15/09/2020 16:13:32	Gathering primary keys
15/09/2020 16:13:32	Gathering unique constraints
15/09/2020 16:13:32	Gathering foreign keys
15/09/2020 16:13:32	Gathering default constraints
15/09/2020 16:13:32	Gathering check constraints
15/09/2020 16:13:32	Gathering views
15/09/2020 16:13:32	Gathering encrypted views
15/09/2020 16:13:32	Gathering indexes
15/09/2020 16:13:32	Gathering statistics
15/09/2020 16:13:32	Gathering full-text index stoplists
15/09/2020 16:13:32	Gathering search property lists
15/09/2020 16:13:32	Gathering search properties
15/09/2020 16:13:32	Gathering full-text indexes
15/09/2020 16:13:32	Gathering column store indexes
15/09/2020 16:13:32	Gathering spatial indexes
15/09/2020 16:13:32	Gathering XML indexes
15/09/2020 16:13:32	Gathering Selective XML indexes
15/09/2020 16:13:32	Gathering encrypted triggers
15/09/2020 16:13:32	Gathering triggers
15/09/2020 16:13:32	Gathering encrypted and clr ddl triggers
15/09/2020 16:13:32	Gathering ddl triggers
15/09/2020 16:13:32	Gathering synonyms
15/09/2020 16:13:32	Gathering defaults
15/09/2020 16:13:32	Gathering data constraint uddt bindings
15/09/2020 16:13:32	Gathering rules
15/09/2020 16:13:32	Gathering data constraint uddt bindings
15/09/2020 16:13:32	Gathering message types
15/09/2020 16:13:32	Gathering queues
15/09/2020 16:13:32	Gathering contracts
15/09/2020 16:13:32	Gathering services
15/09/2020 16:13:32	Gathering event notifications
15/09/2020 16:13:32	Gathering remote service bindings
15/09/2020 16:13:32	Gathering broker priorities
15/09/2020 16:13:32	Gathering signatures
15/09/2020 16:13:32	Gathering data compression options
15/09/2020 16:13:32	Gathering sequence types
15/09/2020 16:13:32	Gathering security policies
15/09/2020 16:13:32	Gather column encryption keys
15/09/2020 16:13:32	Gathering column master keys
15/09/2020 16:13:32	Gathering external data sources
15/09/2020 16:13:32	Gathering external file formats
15/09/2020 16:13:32	Gathering external tables
15/09/2020 16:13:32	Gathering extended properties
15/09/2020 16:13:32	Gathering credentials
15/09/2020 16:13:32	Gathering logins
15/09/2020 16:13:32	Gathering server audits
15/09/2020 16:13:32	Scanning project for duplicate elements
15/09/2020 16:13:32	Finished duplicate element processing
15/09/2020 16:13:33	Finished importing database.
15/09/2020 16:13:33	A summary of the import was saved to the following location: D:\Developer\GuestHouseManagementSystem\GuestHouseDB\Import Schema Logs\GuestHouseDB_20200915104327.log
15/09/2020 16:13:33	Click Finish to continue...
