10/09/2020 12:04:30	This log contains information about the import schema operation into project 'GuestHouseDB' on computer 'ROG' by user 'adith'.
10/09/2020 12:04:30	Import of database schema has started.
10/09/2020 12:04:35	Gathering database credentials
10/09/2020 12:04:35	Gathering database options
10/09/2020 12:04:35	Gathering users
10/09/2020 12:04:35	Gathering roles
10/09/2020 12:04:35	Gathering application roles
10/09/2020 12:04:35	Gathering role memberships
10/09/2020 12:04:35	Gathering filegroups
10/09/2020 12:04:35	Gathering full-text catalogs
10/09/2020 12:04:35	Gathering assemblies
10/09/2020 12:04:35	Gathering certificates
10/09/2020 12:04:35	Gathering asymmetric keys
10/09/2020 12:04:35	Gathering symmetric keys
10/09/2020 12:04:35	Gathering encrypted symmetric keys
10/09/2020 12:04:35	Gathering schemas
10/09/2020 12:04:35	Gathering XML schema collections
10/09/2020 12:04:35	Gathering user-defined data types
10/09/2020 12:04:35	Gathering user-defined types
10/09/2020 12:04:35	Gathering table types
10/09/2020 12:04:35	Gathering unique keys for table types
10/09/2020 12:04:35	Gathering primary keys for table types
10/09/2020 12:04:35	Gathering indexes for table types
10/09/2020 12:04:35	Gathering check constraints for table types
10/09/2020 12:04:35	Gathering default constraints for table types
10/09/2020 12:04:35	Gathering partition functions
10/09/2020 12:04:35	Gathering partition schemes
10/09/2020 12:04:35	Gathering functions
10/09/2020 12:04:35	Gathering encrypted functions
10/09/2020 12:04:35	Gathering aggregates
10/09/2020 12:04:35	Gathering procedures
10/09/2020 12:04:35	Gathering encrypted procedures
10/09/2020 12:04:35	Gathering tables
10/09/2020 12:04:35	Gathering primary keys
10/09/2020 12:04:35	Gathering unique constraints
10/09/2020 12:04:35	Gathering foreign keys
10/09/2020 12:04:35	Gathering default constraints
10/09/2020 12:04:35	Gathering check constraints
10/09/2020 12:04:35	Gathering views
10/09/2020 12:04:35	Gathering encrypted views
10/09/2020 12:04:35	Gathering indexes
10/09/2020 12:04:35	Gathering statistics
10/09/2020 12:04:35	Gathering full-text index stoplists
10/09/2020 12:04:35	Gathering search property lists
10/09/2020 12:04:35	Gathering search properties
10/09/2020 12:04:35	Gathering full-text indexes
10/09/2020 12:04:35	Gathering column store indexes
10/09/2020 12:04:35	Gathering spatial indexes
10/09/2020 12:04:35	Gathering XML indexes
10/09/2020 12:04:35	Gathering Selective XML indexes
10/09/2020 12:04:35	Gathering encrypted triggers
10/09/2020 12:04:35	Gathering triggers
10/09/2020 12:04:35	Gathering encrypted and clr ddl triggers
10/09/2020 12:04:35	Gathering ddl triggers
10/09/2020 12:04:35	Gathering synonyms
10/09/2020 12:04:35	Gathering defaults
10/09/2020 12:04:35	Gathering data constraint uddt bindings
10/09/2020 12:04:35	Gathering rules
10/09/2020 12:04:35	Gathering data constraint uddt bindings
10/09/2020 12:04:35	Gathering message types
10/09/2020 12:04:35	Gathering queues
10/09/2020 12:04:35	Gathering contracts
10/09/2020 12:04:35	Gathering services
10/09/2020 12:04:35	Gathering event notifications
10/09/2020 12:04:35	Gathering remote service bindings
10/09/2020 12:04:35	Gathering broker priorities
10/09/2020 12:04:35	Gathering signatures
10/09/2020 12:04:35	Gathering data compression options
10/09/2020 12:04:35	Gathering sequence types
10/09/2020 12:04:35	Gathering security policies
10/09/2020 12:04:35	Gather column encryption keys
10/09/2020 12:04:35	Gathering column master keys
10/09/2020 12:04:35	Gathering external data sources
10/09/2020 12:04:35	Gathering external file formats
10/09/2020 12:04:35	Gathering external tables
10/09/2020 12:04:35	Gathering extended properties
10/09/2020 12:04:35	Gathering credentials
10/09/2020 12:04:35	Gathering logins
10/09/2020 12:04:35	Gathering server audits
10/09/2020 12:04:35	Scanning project for duplicate elements
10/09/2020 12:04:35	Finished duplicate element processing
10/09/2020 12:04:35	Finished importing database.
10/09/2020 12:04:35	A summary of the import was saved to the following location: D:\Developer\GuestHouseManagementSystem\GuestHouseDB\Import Schema Logs\GuestHouseDB_20200910063430.log
10/09/2020 12:04:35	Click Finish to continue...
