11/09/2020 10:49:17	This log contains information about the import schema operation into project 'GuestHouseDB' on computer 'ROG' by user 'adith'.
11/09/2020 10:49:17	Import of database schema has started.
11/09/2020 10:49:21	Gathering database credentials
11/09/2020 10:49:21	Gathering database options
11/09/2020 10:49:21	Gathering users
11/09/2020 10:49:21	Gathering roles
11/09/2020 10:49:21	Gathering application roles
11/09/2020 10:49:21	Gathering role memberships
11/09/2020 10:49:21	Gathering filegroups
11/09/2020 10:49:21	Gathering full-text catalogs
11/09/2020 10:49:21	Gathering assemblies
11/09/2020 10:49:21	Gathering certificates
11/09/2020 10:49:21	Gathering asymmetric keys
11/09/2020 10:49:21	Gathering symmetric keys
11/09/2020 10:49:21	Gathering encrypted symmetric keys
11/09/2020 10:49:21	Gathering schemas
11/09/2020 10:49:21	Gathering XML schema collections
11/09/2020 10:49:21	Gathering user-defined data types
11/09/2020 10:49:21	Gathering user-defined types
11/09/2020 10:49:21	Gathering table types
11/09/2020 10:49:21	Gathering unique keys for table types
11/09/2020 10:49:21	Gathering primary keys for table types
11/09/2020 10:49:21	Gathering indexes for table types
11/09/2020 10:49:21	Gathering check constraints for table types
11/09/2020 10:49:21	Gathering default constraints for table types
11/09/2020 10:49:21	Gathering partition functions
11/09/2020 10:49:21	Gathering partition schemes
11/09/2020 10:49:21	Gathering functions
11/09/2020 10:49:21	Gathering encrypted functions
11/09/2020 10:49:21	Gathering aggregates
11/09/2020 10:49:21	Gathering procedures
11/09/2020 10:49:21	Gathering encrypted procedures
11/09/2020 10:49:21	Gathering tables
11/09/2020 10:49:22	Gathering primary keys
11/09/2020 10:49:22	Gathering unique constraints
11/09/2020 10:49:22	Gathering foreign keys
11/09/2020 10:49:22	Gathering default constraints
11/09/2020 10:49:22	Gathering check constraints
11/09/2020 10:49:22	Gathering views
11/09/2020 10:49:22	Gathering encrypted views
11/09/2020 10:49:22	Gathering indexes
11/09/2020 10:49:22	Gathering statistics
11/09/2020 10:49:22	Gathering full-text index stoplists
11/09/2020 10:49:22	Gathering search property lists
11/09/2020 10:49:22	Gathering search properties
11/09/2020 10:49:22	Gathering full-text indexes
11/09/2020 10:49:22	Gathering column store indexes
11/09/2020 10:49:22	Gathering spatial indexes
11/09/2020 10:49:22	Gathering XML indexes
11/09/2020 10:49:22	Gathering Selective XML indexes
11/09/2020 10:49:22	Gathering encrypted triggers
11/09/2020 10:49:22	Gathering triggers
11/09/2020 10:49:22	Gathering encrypted and clr ddl triggers
11/09/2020 10:49:22	Gathering ddl triggers
11/09/2020 10:49:22	Gathering synonyms
11/09/2020 10:49:22	Gathering defaults
11/09/2020 10:49:22	Gathering data constraint uddt bindings
11/09/2020 10:49:22	Gathering rules
11/09/2020 10:49:22	Gathering data constraint uddt bindings
11/09/2020 10:49:22	Gathering message types
11/09/2020 10:49:22	Gathering queues
11/09/2020 10:49:22	Gathering contracts
11/09/2020 10:49:22	Gathering services
11/09/2020 10:49:22	Gathering event notifications
11/09/2020 10:49:22	Gathering remote service bindings
11/09/2020 10:49:22	Gathering broker priorities
11/09/2020 10:49:22	Gathering signatures
11/09/2020 10:49:22	Gathering data compression options
11/09/2020 10:49:22	Gathering sequence types
11/09/2020 10:49:22	Gathering security policies
11/09/2020 10:49:22	Gather column encryption keys
11/09/2020 10:49:22	Gathering column master keys
11/09/2020 10:49:22	Gathering external data sources
11/09/2020 10:49:22	Gathering external file formats
11/09/2020 10:49:22	Gathering external tables
11/09/2020 10:49:22	Gathering extended properties
11/09/2020 10:49:22	Gathering credentials
11/09/2020 10:49:22	Gathering logins
11/09/2020 10:49:22	Gathering server audits
11/09/2020 10:49:22	Scanning project for duplicate elements
11/09/2020 10:49:22	Finished duplicate element processing
11/09/2020 10:49:23	Finished importing database.
11/09/2020 10:49:23	A summary of the import was saved to the following location: D:\Developer\GuestHouseManagementSystem\GuestHouseDB\Import Schema Logs\GuestHouseDB_20200911051917.log
11/09/2020 10:49:23	Click Finish to continue...
